<?xml version='1.0' encoding='UTF-8'?>
<testsuite hostname="punkhazard" name="funsets.FunSetSuite" tests="9" errors="0" failures="0" time="0.034">
                     <properties>
[...]
</properties>
                     <testcase classname="funsets.FunSetSuite" name="contains is implemented" time="0.017">
                                                 
                                               </testcase><testcase classname="funsets.FunSetSuite" name="singletonSet(1) contains 1" time="0.001">
                                                 
                                               </testcase><testcase classname="funsets.FunSetSuite" name="union contains all elements of each set" time="0.003">
                                                 
                                               </testcase><testcase classname="funsets.FunSetSuite" name="Intesection of sets" time="0.002">
                                                 
                                               </testcase><testcase classname="funsets.FunSetSuite" name="Difference of sets" time="0.002">
                                                 
                                               </testcase><testcase classname="funsets.FunSetSuite" name="Filters" time="0.002">
                                                 
                                               </testcase><testcase classname="funsets.FunSetSuite" name="forall positive numbers" time="0.003">
                                                 
                                               </testcase><testcase classname="funsets.FunSetSuite" name="exists at least a number greater than 1" time="0.001">
                                                 
                                               </testcase><testcase classname="funsets.FunSetSuite" name="map multiplying by 3" time="0.003">
                                                 
                                               </testcase>
                     <system-out></system-out>
                     <system-err></system-err>
                   </testsuite>